# JRE version: OpenJDK Runtime Environment (8.0_242-b01) (build 1.8.0_242-release-1644-b01)
# Java VM: OpenJDK 64-Bit Server VM (25.242-b01 mixed mode windows-amd64 compressed oops)
Heap:
 PSYoungGen      total 459264K, used 153435K [0x00000000d5580000, 0x00000000f3f00000, 0x0000000100000000)
  eden space 417280K, 29% used [0x00000000d5580000,0x00000000dcdc1c98,0x00000000eed00000)
  from space 41984K, 72% used [0x00000000eed00000,0x00000000f0a95238,0x00000000f1600000)
  to   space 29696K, 0% used [0x00000000f2200000,0x00000000f2200000,0x00000000f3f00000)
 ParOldGen       total 220672K, used 180986K [0x0000000080000000, 0x000000008d780000, 0x00000000d5580000)
  object space 220672K, 82% used [0x0000000080000000,0x000000008b0beb48,0x000000008d780000)
 Metaspace       used 95979K, capacity 100872K, committed 101016K, reserved 1136640K
  class space    used 12500K, capacity 13405K, committed 13488K, reserved 1048576K
GC Heap History (10 events):
Event: 217.759 GC heap before
{Heap before GC invocations=30 (full 5):
 PSYoungGen      total 446976K, used 446959K [0x00000000d5580000, 0x00000000f3f00000, 0x0000000100000000)
  eden space 417280K, 100% used [0x00000000d5580000,0x00000000eed00000,0x00000000eed00000)
  from space 29696K, 99% used [0x00000000f2200000,0x00000000f3efbf58,0x00000000f3f00000)
  to   space 41984K, 0% used [0x00000000eed00000,0x00000000eed00000,0x00000000f1600000)
 ParOldGen       total 220672K, used 130975K [0x0000000080000000, 0x000000008d780000, 0x00000000d5580000)
  object space 220672K, 59% used [0x0000000080000000,0x0000000087fe7e00,0x000000008d780000)
 Metaspace       used 95848K, capacity 100764K, committed 101016K, reserved 1136640K
  class space    used 12495K, capacity 13403K, committed 13488K, reserved 1048576K
Event: 217.852 GC heap after
Heap after GC invocations=30 (full 5):
 PSYoungGen      total 459264K, used 32304K [0x00000000d5580000, 0x00000000f3f00000, 0x0000000100000000)
  eden space 417280K, 0% used [0x00000000d5580000,0x00000000d5580000,0x00000000eed00000)
  from space 41984K, 76% used [0x00000000eed00000,0x00000000f0c8c358,0x00000000f1600000)
  to   space 29696K, 0% used [0x00000000f2200000,0x00000000f2200000,0x00000000f3f00000)
 ParOldGen       total 220672K, used 135769K [0x0000000080000000, 0x000000008d780000, 0x00000000d5580000)
  object space 220672K, 61% used [0x0000000080000000,0x0000000088496758,0x000000008d780000)
 Metaspace       used 95848K, capacity 100764K, committed 101016K, reserved 1136640K
  class space    used 12495K, capacity 13403K, committed 13488K, reserved 1048576K
}
Event: 222.032 GC heap before
{Heap before GC invocations=31 (full 5):
 PSYoungGen      total 459264K, used 449584K [0x00000000d5580000, 0x00000000f3f00000, 0x0000000100000000)
  eden space 417280K, 100% used [0x00000000d5580000,0x00000000eed00000,0x00000000eed00000)
  from space 41984K, 76% used [0x00000000eed00000,0x00000000f0c8c358,0x00000000f1600000)
  to   space 29696K, 0% used [0x00000000f2200000,0x00000000f2200000,0x00000000f3f00000)
 ParOldGen       total 220672K, used 135769K [0x0000000080000000, 0x000000008d780000, 0x00000000d5580000)
  object space 220672K, 61% used [0x0000000080000000,0x0000000088496758,0x000000008d780000)
 Metaspace       used 95867K, capacity 100772K, committed 101016K, reserved 1136640K
  class space    used 12495K, capacity 13403K, committed 13488K, reserved 1048576K
Event: 222.141 GC heap after
Heap after GC invocations=31 (full 5):
 PSYoungGen      total 446976K, used 29691K [0x00000000d5580000, 0x00000000f3f00000, 0x0000000100000000)
  eden space 417280K, 0% used [0x00000000d5580000,0x00000000d5580000,0x00000000eed00000)
  from space 29696K, 99% used [0x00000000f2200000,0x00000000f3efef38,0x00000000f3f00000)
  to   space 41984K, 0% used [0x00000000eed00000,0x00000000eed00000,0x00000000f1600000)
 ParOldGen       total 220672K, used 145097K [0x0000000080000000, 0x000000008d780000, 0x00000000d5580000)
  object space 220672K, 65% used [0x0000000080000000,0x0000000088db2418,0x000000008d780000)
 Metaspace       used 95867K, capacity 100772K, committed 101016K, reserved 1136640K
  class space    used 12495K, capacity 13403K, committed 13488K, reserved 1048576K
}
Event: 225.642 GC heap before
{Heap before GC invocations=32 (full 5):
 PSYoungGen      total 446976K, used 446971K [0x00000000d5580000, 0x00000000f3f00000, 0x0000000100000000)
  eden space 417280K, 100% used [0x00000000d5580000,0x00000000eed00000,0x00000000eed00000)
  from space 29696K, 99% used [0x00000000f2200000,0x00000000f3efef38,0x00000000f3f00000)
  to   space 41984K, 0% used [0x00000000eed00000,0x00000000eed00000,0x00000000f1600000)
 ParOldGen       total 220672K, used 145097K [0x0000000080000000, 0x000000008d780000, 0x00000000d5580000)
  object space 220672K, 65% used [0x0000000080000000,0x0000000088db2418,0x000000008d780000)
 Metaspace       used 95896K, capacity 100796K, committed 101016K, reserved 1136640K
  class space    used 12497K, capacity 13405K, committed 13488K, reserved 1048576K
Event: 225.866 GC heap after
Heap after GC invocations=32 (full 5):
 PSYoungGen      total 459264K, used 41952K [0x00000000d5580000, 0x00000000f3f00000, 0x0000000100000000)
  eden space 417280K, 0% used [0x00000000d5580000,0x00000000d5580000,0x00000000eed00000)
  from space 41984K, 99% used [0x00000000eed00000,0x00000000f15f81f8,0x00000000f1600000)
  to   space 29696K, 0% used [0x00000000f2200000,0x00000000f2200000,0x00000000f3f00000)
 ParOldGen       total 220672K, used 156025K [0x0000000080000000, 0x000000008d780000, 0x00000000d5580000)
  object space 220672K, 70% used [0x0000000080000000,0x000000008985e4d0,0x000000008d780000)
 Metaspace       used 95896K, capacity 100796K, committed 101016K, reserved 1136640K
  class space    used 12497K, capacity 13405K, committed 13488K, reserved 1048576K
}
Event: 229.816 GC heap before
{Heap before GC invocations=33 (full 5):
 PSYoungGen      total 459264K, used 459232K [0x00000000d5580000, 0x00000000f3f00000, 0x0000000100000000)
  eden space 417280K, 100% used [0x00000000d5580000,0x00000000eed00000,0x00000000eed00000)
  from space 41984K, 99% used [0x00000000eed00000,0x00000000f15f81f8,0x00000000f1600000)
  to   space 29696K, 0% used [0x00000000f2200000,0x00000000f2200000,0x00000000f3f00000)
 ParOldGen       total 220672K, used 156025K [0x0000000080000000, 0x000000008d780000, 0x00000000d5580000)
  object space 220672K, 70% used [0x0000000080000000,0x000000008985e4d0,0x000000008d780000)
 Metaspace       used 95956K, capacity 100872K, committed 101016K, reserved 1136640K
  class space    used 12500K, capacity 13405K, committed 13488K, reserved 1048576K
Event: 230.079 GC heap after
Heap after GC invocations=33 (full 5):
 PSYoungGen      total 446976K, used 29664K [0x00000000d5580000, 0x00000000f3f00000, 0x0000000100000000)
  eden space 417280K, 0% used [0x00000000d5580000,0x00000000d5580000,0x00000000eed00000)
  from space 29696K, 99% used [0x00000000f2200000,0x00000000f3ef8388,0x00000000f3f00000)
  to   space 41984K, 0% used [0x00000000eed00000,0x00000000eed00000,0x00000000f1600000)
 ParOldGen       total 220672K, used 172043K [0x0000000080000000, 0x000000008d780000, 0x00000000d5580000)
  object space 220672K, 77% used [0x0000000080000000,0x000000008a802dc8,0x000000008d780000)
 Metaspace       used 95956K, capacity 100872K, committed 101016K, reserved 1136640K
  class space    used 12500K, capacity 13405K, committed 13488K, reserved 1048576K
}
Event: 233.490 GC heap before
{Heap before GC invocations=34 (full 5):
 PSYoungGen      total 446976K, used 446944K [0x00000000d5580000, 0x00000000f3f00000, 0x0000000100000000)
  eden space 417280K, 100% used [0x00000000d5580000,0x00000000eed00000,0x00000000eed00000)
  from space 29696K, 99% used [0x00000000f2200000,0x00000000f3ef8388,0x00000000f3f00000)
  to   space 41984K, 0% used [0x00000000eed00000,0x00000000eed00000,0x00000000f1600000)
 ParOldGen       total 220672K, used 172043K [0x0000000080000000, 0x000000008d780000, 0x00000000d5580000)
  object space 220672K, 77% used [0x0000000080000000,0x000000008a802dc8,0x000000008d780000)
 Metaspace       used 95978K, capacity 100872K, committed 101016K, reserved 1136640K
  class space    used 12500K, capacity 13405K, committed 13488K, reserved 1048576K
Event: 233.576 GC heap after
Heap after GC invocations=34 (full 5):
 PSYoungGen      total 459264K, used 30292K [0x00000000d5580000, 0x00000000f3f00000, 0x0000000100000000)
  eden space 417280K, 0% used [0x00000000d5580000,0x00000000d5580000,0x00000000eed00000)
  from space 41984K, 72% used [0x00000000eed00000,0x00000000f0a95238,0x00000000f1600000)
  to   space 29696K, 0% used [0x00000000f2200000,0x00000000f2200000,0x00000000f3f00000)
 ParOldGen       total 220672K, used 180986K [0x0000000080000000, 0x000000008d780000, 0x00000000d5580000)
  object space 220672K, 82% used [0x0000000080000000,0x000000008b0beb48,0x000000008d780000)
 Metaspace       used 95978K, capacity 100872K, committed 101016K, reserved 1136640K
  class space    used 12500K, capacity 13405K, committed 13488K, reserved 1048576K
}

